<?xml version="1.0" encoding="UTF-8"?>
<testsuite xmlns:xsi="http://www.w3.org/2001/XMLSchema-instance" xsi:noNamespaceSchemaLocation="https://maven.apache.org/surefire/maven-surefire-plugin/xsd/surefire-test-report-3.0.xsd" version="3.0" name="JavaParserTest" time="0.198" tests="1" errors="0" skipped="0" failures="0">
  <properties>
[...]
</properties>
  <testcase name="method_name_starts_with_number_causes_error" classname="JavaParserTest" time="0.162">
    <system-out><![CDATA[enter   compilationUnit, LT(1)=public
enter   typeDeclaration, LT(1)=public
enter   classOrInterfaceModifier, LT(1)=public
consume [@0,0:5='public',<35>,1:0] rule classOrInterfaceModifier
exit    classOrInterfaceModifier, LT(1)=class
enter   classDeclaration, LT(1)=class
consume [@2,7:11='class',<9>,1:7] rule classDeclaration
enter   identifier, LT(1)=SampleClass
consume [@4,13:23='SampleClass',<128>,1:13] rule identifier
exit    identifier, LT(1)={
enter   classBody, LT(1)={
consume [@6,25:25='{',<80>,1:25] rule classBody
enter   classBodyDeclaration, LT(1)=void
enter   memberDeclaration, LT(1)=void
enter   methodDeclaration, LT(1)=void
enter   typeTypeOrVoid, LT(1)=void
consume [@8,27:30='void',<48>,1:27] rule typeTypeOrVoid
exit    typeTypeOrVoid, LT(1)=1d
enter   identifier, LT(1)=1d
consume [@11,34:43='oSomething',<128>,1:34] rule identifier
exit    identifier, LT(1)=(
enter   formalParameters, LT(1)=(
consume [@12,44:44='(',<78>,1:44] rule formalParameters
consume [@13,45:45=')',<79>,1:45] rule formalParameters
exit    formalParameters, LT(1)={
enter   methodBody, LT(1)={
enter   block, LT(1)={
consume [@14,46:46='{',<80>,1:46] rule block
consume [@15,47:47='}',<81>,1:47] rule block
exit    block, LT(1)=}
exit    methodBody, LT(1)=}
exit    methodDeclaration, LT(1)=}
exit    memberDeclaration, LT(1)=}
exit    classBodyDeclaration, LT(1)=}
consume [@17,49:49='}',<81>,1:49] rule classBody
exit    classBody, LT(1)=<EOF>
exit    classDeclaration, LT(1)=<EOF>
exit    typeDeclaration, LT(1)=<EOF>
exit    compilationUnit, LT(1)=<EOF>
]]></system-out>
    <system-err><![CDATA[line 1:32 extraneous input '1d' expecting {'module', 'open', 'requires', 'exports', 'opens', 'to', 'uses', 'provides', 'with', 'transitive', 'var', 'yield', 'record', 'sealed', 'permits', IDENTIFIER}
]]></system-err>
  </testcase>
</testsuite>